<?xml version="1.0" encoding="UTF-8"?>
<testng-results ignored="0" total="2" passed="2" failed="0" skipped="0">
  <reporter-output>
  </reporter-output>
  <suite started-at="2024-01-28T22:12:21 IST" name="Default suite" finished-at="2024-01-28T22:14:26 IST" duration-ms="125114">
    <groups>
      <group name="cucumber">
        <method signature="AbstractTestNGCucumberTests.runScenario(io.cucumber.testng.PickleWrapper,io.cucumber.testng.FeatureWrapper)[pri:0, instance:flowchartmaker.runner.TestRunner@3c41ed1d]" name="runScenario" class="io.cucumber.testng.AbstractTestNGCucumberTests"/>
      </group> <!-- cucumber -->
    </groups>
    <test started-at="2024-01-28T22:12:21 IST" name="Default test" finished-at="2024-01-28T22:14:26 IST" duration-ms="125114">
      <class name="flowchartmaker.runner.TestRunner">
        <test-method is-config="true" signature="setUpClass(org.testng.ITestContext)[pri:0, instance:flowchartmaker.runner.TestRunner@3c41ed1d]" started-at="2024-01-28T22:12:21 IST" name="setUpClass" finished-at="2024-01-28T22:12:21 IST" duration-ms="783" status="PASS">
          <params>
            <param index="0">
              <value>
                <![CDATA[org.testng.TestRunner@3b46dd8]]>
              </value>
            </param>
          </params>
          <reporter-output>
          </reporter-output>
        </test-method> <!-- setUpClass -->
        <test-method signature="runScenario(io.cucumber.testng.PickleWrapper,io.cucumber.testng.FeatureWrapper)[pri:0, instance:flowchartmaker.runner.TestRunner@3c41ed1d]" started-at="2024-01-28T22:12:21 IST" name="runScenario" description="Runs Cucumber Scenarios" data-provider="scenarios" finished-at="2024-01-28T22:12:43 IST" duration-ms="21557" status="PASS">
          <params>
            <param index="0">
              <value>
                <![CDATA["Verify User can able to create flowchart Start > Read A > Read B > Calculate C + A = B > Print C > End"]]>
              </value>
            </param>
            <param index="1">
              <value>
                <![CDATA["FlowChartMaker TestCases"]]>
              </value>
            </param>
          </params>
          <reporter-output>
          </reporter-output>
        </test-method> <!-- runScenario -->
        <test-method signature="runScenario(io.cucumber.testng.PickleWrapper,io.cucumber.testng.FeatureWrapper)[pri:0, instance:flowchartmaker.runner.TestRunner@3c41ed1d]" started-at="2024-01-28T22:12:21 IST" name="runScenario" description="Runs Cucumber Scenarios" data-provider="scenarios" finished-at="2024-01-28T22:14:25 IST" duration-ms="123696" status="PASS">
          <params>
            <param index="0">
              <value>
                <![CDATA["Verify User can able to delete flowchart Start > Read A > Read B > Calculate C + A = B > Print C > End"]]>
              </value>
            </param>
            <param index="1">
              <value>
                <![CDATA["FlowChartMaker TestCases"]]>
              </value>
            </param>
          </params>
          <reporter-output>
          </reporter-output>
        </test-method> <!-- runScenario -->
        <test-method is-config="true" signature="tearDownClass()[pri:0, instance:flowchartmaker.runner.TestRunner@3c41ed1d]" started-at="2024-01-28T22:14:25 IST" name="tearDownClass" finished-at="2024-01-28T22:14:26 IST" duration-ms="602" status="PASS">
          <reporter-output>
          </reporter-output>
        </test-method> <!-- tearDownClass -->
      </class> <!-- flowchartmaker.runner.TestRunner -->
    </test> <!-- Default test -->
  </suite> <!-- Default suite -->
</testng-results>
