<?xml version="1.0" encoding="UTF-8"?>
<testng-results ignored="0" total="3" passed="3" failed="0" skipped="0">
  <reporter-output>
  </reporter-output>
  <suite started-at="2024-01-29T23:44:36 IST" name="Default suite" finished-at="2024-01-29T23:46:47 IST" duration-ms="130855">
    <groups>
      <group name="cucumber">
        <method signature="AbstractTestNGCucumberTests.runScenario(io.cucumber.testng.PickleWrapper,io.cucumber.testng.FeatureWrapper)[pri:0, instance:flowchartmaker.runner.TestRunner@3c41ed1d]" name="runScenario" class="io.cucumber.testng.AbstractTestNGCucumberTests"/>
      </group> <!-- cucumber -->
    </groups>
    <test started-at="2024-01-29T23:44:36 IST" name="Default test" finished-at="2024-01-29T23:46:47 IST" duration-ms="130855">
      <class name="flowchartmaker.runner.TestRunner">
        <test-method is-config="true" signature="setUpClass(org.testng.ITestContext)[pri:0, instance:flowchartmaker.runner.TestRunner@3c41ed1d]" started-at="2024-01-29T23:44:36 IST" name="setUpClass" finished-at="2024-01-29T23:44:37 IST" duration-ms="769" status="PASS">
          <params>
            <param index="0">
              <value>
                <![CDATA[org.testng.TestRunner@6da9dc6]]>
              </value>
            </param>
          </params>
          <reporter-output>
          </reporter-output>
        </test-method> <!-- setUpClass -->
        <test-method signature="runScenario(io.cucumber.testng.PickleWrapper,io.cucumber.testng.FeatureWrapper)[pri:0, instance:flowchartmaker.runner.TestRunner@3c41ed1d]" started-at="2024-01-29T23:44:37 IST" name="runScenario" description="Runs Cucumber Scenarios" data-provider="scenarios" finished-at="2024-01-29T23:45:08 IST" duration-ms="31410" status="PASS">
          <params>
            <param index="0">
              <value>
                <![CDATA["Verify that a user can create a flowchart with the sequence: Start > Read A > Read B > Calculate C + A = B > Print C > End"]]>
              </value>
            </param>
            <param index="1">
              <value>
                <![CDATA["FlowChartMaker TestCases"]]>
              </value>
            </param>
          </params>
          <reporter-output>
          </reporter-output>
        </test-method> <!-- runScenario -->
        <test-method signature="runScenario(io.cucumber.testng.PickleWrapper,io.cucumber.testng.FeatureWrapper)[pri:0, instance:flowchartmaker.runner.TestRunner@3c41ed1d]" started-at="2024-01-29T23:44:37 IST" name="runScenario" description="Runs Cucumber Scenarios" data-provider="scenarios" finished-at="2024-01-29T23:46:47 IST" duration-ms="129709" status="PASS">
          <params>
            <param index="0">
              <value>
                <![CDATA["Verify that a user can delete a flowchart with the sequence: Start > Read A > Read B > Calculate C + A = B > Print C > End"]]>
              </value>
            </param>
            <param index="1">
              <value>
                <![CDATA["FlowChartMaker TestCases"]]>
              </value>
            </param>
          </params>
          <reporter-output>
          </reporter-output>
        </test-method> <!-- runScenario -->
        <test-method signature="runScenario(io.cucumber.testng.PickleWrapper,io.cucumber.testng.FeatureWrapper)[pri:0, instance:flowchartmaker.runner.TestRunner@3c41ed1d]" started-at="2024-01-29T23:44:37 IST" name="runScenario" description="Runs Cucumber Scenarios" data-provider="scenarios" finished-at="2024-01-29T23:45:10 IST" duration-ms="33404" status="PASS">
          <params>
            <param index="0">
              <value>
                <![CDATA["Verify the text inside a flowchart with the sequence: Start > Read A > Read B > Calculate C + A = B > Print C > End"]]>
              </value>
            </param>
            <param index="1">
              <value>
                <![CDATA["FlowChartMaker TestCases"]]>
              </value>
            </param>
          </params>
          <reporter-output>
          </reporter-output>
        </test-method> <!-- runScenario -->
        <test-method is-config="true" signature="tearDownClass()[pri:0, instance:flowchartmaker.runner.TestRunner@3c41ed1d]" started-at="2024-01-29T23:46:47 IST" name="tearDownClass" finished-at="2024-01-29T23:46:47 IST" duration-ms="340" status="PASS">
          <reporter-output>
          </reporter-output>
        </test-method> <!-- tearDownClass -->
      </class> <!-- flowchartmaker.runner.TestRunner -->
    </test> <!-- Default test -->
  </suite> <!-- Default suite -->
</testng-results>
